Arguments: 
  C:\Program Files\nodejs\node.exe C:\Users\ogair\AppData\Roaming\npm\node_modules\yarn\bin\yarn.js add bem-create-tools

PATH: 
  C:\Windows\system32;C:\Windows;C:\Windows\System32\Wbem;C:\Windows\System32\WindowsPowerShell\v1.0\;C:\Windows\System32\OpenSSH\;C:\Program Files\Git\cmd;C:\Users\ogair\AppData\Roaming\nvm;C:\Program Files\nodejs;C:\Program Files (x86)\NVIDIA Corporation\PhysX\Common;C:\Program Files\NVIDIA Corporation\NVIDIA NvDLISR;C:\Program Files\dotnet\;C:\Program Files\Microsoft SQL Server\150\Tools\Binn\;C:\Program Files\Microsoft SQL Server\Client SDK\ODBC\170\Tools\Binn\;C:\Users\ogair\.console-ninja\.bin;C:\Users\ogair\AppData\Local\Microsoft\WindowsApps;C:\Users\ogair\AppData\Local\Programs\Microsoft VS Code\bin;C:\Users\ogair\AppData\Roaming\npm;C:\Users\ogair\AppData\Roaming\nvm;C:\Program Files\nodejs;D:\php-8.2.2-nts-Win32-vs16-x64;C:\Users\ogair\.dotnet\tools

Yarn version: 
  1.22.19

Node version: 
  14.20.0

Platform: 
  win32 x64

Trace: 
  Error: https://repository.synergy.ru/repository/npm-proxy/bem-create-tools: Package 'bem-create-tools' not found
      at Request.params.callback [as _callback] (C:\Users\ogair\AppData\Roaming\npm\node_modules\yarn\lib\cli.js:66145:18)
      at Request.self.callback (C:\Users\ogair\AppData\Roaming\npm\node_modules\yarn\lib\cli.js:140890:22)
      at Request.emit (events.js:400:28)
      at Request.<anonymous> (C:\Users\ogair\AppData\Roaming\npm\node_modules\yarn\lib\cli.js:141862:10)
      at Request.emit (events.js:400:28)
      at IncomingMessage.<anonymous> (C:\Users\ogair\AppData\Roaming\npm\node_modules\yarn\lib\cli.js:141784:12)
      at Object.onceWrapper (events.js:519:28)
      at IncomingMessage.emit (events.js:412:35)
      at endReadableNT (internal/streams/readable.js:1333:12)
      at processTicksAndRejections (internal/process/task_queues.js:82:21)

npm manifest: 
  {
    "name": "Webpack-gulp_frontend-builder",
    "description": "Frontend development with pleasure",
    "author": "Dmitriy Bortsov",
    "repository": {
      "type": "git",
      "url": "#"
    },
    "license": "MIT",
    "scripts": {
      "dev": "gulp",
      "build": "gulp prod",
      "build:views": "gulp views",
      "build:styles": "gulp styles",
      "build:scripts": "gulp scripts",
      "build:images": "gulp images",
      "build:webp": "gulp webp",
      "build:sprites": "gulp sprite:png && sprite:svg",
      "build:fonts": "gulp fonts",
      "build:favicons": "gulp favicons",
      "build:gzip": "gulp gzip",
      "lint:test": "stylelint \"src/**/*.scss\" --syntax=scss & eslint --color ./src/blocks",
      "lint:css-fix": "stylelint \"src/**/*.scss\" --syntax=scss --fix",
      "lint:js-fix": "eslint --fix --color ./src/blocks",
      "lighthouse": "gulp lighthouse",
      "prepare": "husky install"
    },
    "devDependencies": {
      "@babel/core": "^7.14.0",
      "@babel/eslint-parser": "^7.13.14",
      "@babel/plugin-transform-runtime": "^7.13.15",
      "@babel/preset-env": "^7.14.1",
      "@babel/register": "^7.13.16",
      "@babel/runtime": "^7.14.0",
      "babel-loader": "^8.2.2",
      "browser-sync": "^2.26.14",
      "cheerio": "^1.0.0-rc.9",
      "chrome-launcher": "^0.13.4",
      "del": "^6.0.0",
      "editorconfig-cli": "^0.3.0",
      "eslint": "^7.26.0",
      "gulp": "^4.0.2",
      "gulp-autoprefixer": "^7.0.1",
      "gulp-cheerio": "^1.0.0",
      "gulp-clean-css": "^4.3.0",
      "gulp-consolidate": "^0.2.0",
      "gulp-debug": "^4.0.0",
      "gulp-favicons": "^3.0.0",
      "gulp-group-css-media-queries": "^1.2.2",
      "gulp-if": "^3.0.0",
      "gulp-imagemin": "^7.1.0",
      "gulp-plumber": "^1.2.1",
      "gulp-pug": "^4.0.1",
      "gulp-rename": "^2.0.0",
      "gulp-replace": "^1.1.3",
      "gulp-sass": "^4.1.0",
      "gulp-sourcemaps": "^3.0.0",
      "gulp-svgmin": "^3.0.0",
      "gulp-svgstore": "^7.0.1",
      "gulp-watch": "^5.0.1",
      "gulp-webp": "^4.0.1",
      "gulp.spritesmith": "^6.12.1",
      "husky": "^7.0.1",
      "imagemin-giflossy": "^5.1.10",
      "imagemin-mozjpeg": "^9.0.0",
      "imagemin-pngquant": "^9.0.2",
      "imagemin-webp": "^6.0.0",
      "imagemin-zopfli": "^7.0.0",
      "lighthouse": "^7.4.0",
      "lint-staged": "^11.0.0",
      "open": "^8.0.8",
      "pre-commit": "^1.2.2",
      "require-dir": "^1.2.0",
      "stylelint": "^13.13.1",
      "stylelint-order": "^4.1.0",
      "stylelint-scss": "^3.19.0",
      "stylelint-selector-bem-pattern": "^2.1.0",
      "through2": "^4.0.2",
      "vinyl-buffer": "^1.0.1",
      "webpack": "^4.42.0",
      "webpack-stream": "^6.1.2",
      "yargs": "^17.0.1"
    },
    "dependencies": {
      "require-yaml": "^0.0.1",
      "script-loader": "^0.7.2"
    },
    "husky": {
      "hooks": {
        "pre-commit": "lint-staged"
      }
    },
    "lint-staged": {
      "!(_*).scss": [
        "stylelint --fix --color --config ./.stylelintrc"
      ],
      "*.js": [
        "eslint --fix --color"
      ]
    }
  }

yarn manifest: 
  No manifest

Lockfile: 
  No lockfile
